{"/Users/chaitanyatandon/Desktop/SEM7/SEDP/Project/Implementation/SEDP/modules/order/order.service.js": {"path":"/Users/chaitanyatandon/Desktop/SEM7/SEDP/Project/Implementation/SEDP/modules/order/order.service.js","statementMap":{"0":{"start":{"line":1,"column":21},"end":{"line":1,"column":39}},"1":{"start":{"line":2,"column":18},"end":{"line":2,"column":44}},"2":{"start":{"line":8,"column":15},"end":{"line":8,"column":22}},"3":{"start":{"line":11,"column":21},"end":{"line":11,"column":97}},"4":{"start":{"line":12,"column":4},"end":{"line":14,"column":5}},"5":{"start":{"line":13,"column":6},"end":{"line":13,"column":45}},"6":{"start":{"line":16,"column":4},"end":{"line":18,"column":5}},"7":{"start":{"line":17,"column":6},"end":{"line":17,"column":52}},"8":{"start":{"line":21,"column":15},"end":{"line":21,"column":86}},"9":{"start":{"line":23,"column":4},"end":{"line":31,"column":5}},"10":{"start":{"line":24,"column":6},"end":{"line":28,"column":8}},"11":{"start":{"line":29,"column":21},"end":{"line":29,"column":65}},"12":{"start":{"line":30,"column":6},"end":{"line":30,"column":35}},"13":{"start":{"line":34,"column":29},"end":{"line":37,"column":6}},"14":{"start":{"line":39,"column":4},"end":{"line":56,"column":5}},"15":{"start":{"line":41,"column":6},"end":{"line":44,"column":8}},"16":{"start":{"line":47,"column":23},"end":{"line":54,"column":7}},"17":{"start":{"line":55,"column":6},"end":{"line":55,"column":60}},"18":{"start":{"line":59,"column":4},"end":{"line":62,"column":6}},"19":{"start":{"line":64,"column":4},"end":{"line":64,"column":32}},"20":{"start":{"line":68,"column":15},"end":{"line":68,"column":22}},"21":{"start":{"line":70,"column":17},"end":{"line":70,"column":88}},"22":{"start":{"line":71,"column":4},"end":{"line":73,"column":5}},"23":{"start":{"line":72,"column":6},"end":{"line":72,"column":43}},"24":{"start":{"line":75,"column":18},"end":{"line":77,"column":16}},"25":{"start":{"line":79,"column":24},"end":{"line":79,"column":91}},"26":{"start":{"line":79,"column":52},"end":{"line":79,"column":87}},"27":{"start":{"line":81,"column":4},"end":{"line":85,"column":6}},"28":{"start":{"line":89,"column":15},"end":{"line":89,"column":22}},"29":{"start":{"line":91,"column":17},"end":{"line":91,"column":88}},"30":{"start":{"line":92,"column":4},"end":{"line":94,"column":5}},"31":{"start":{"line":93,"column":6},"end":{"line":93,"column":40}},"32":{"start":{"line":96,"column":19},"end":{"line":99,"column":6}},"33":{"start":{"line":101,"column":4},"end":{"line":103,"column":5}},"34":{"start":{"line":102,"column":6},"end":{"line":102,"column":48}},"35":{"start":{"line":105,"column":4},"end":{"line":108,"column":6}},"36":{"start":{"line":110,"column":4},"end":{"line":110,"column":32}},"37":{"start":{"line":114,"column":15},"end":{"line":114,"column":22}},"38":{"start":{"line":116,"column":17},"end":{"line":116,"column":88}},"39":{"start":{"line":117,"column":4},"end":{"line":119,"column":5}},"40":{"start":{"line":118,"column":6},"end":{"line":118,"column":47}},"41":{"start":{"line":121,"column":4},"end":{"line":121,"column":72}},"42":{"start":{"line":122,"column":4},"end":{"line":122,"column":62}},"43":{"start":{"line":124,"column":4},"end":{"line":124,"column":52}},"44":{"start":{"line":130,"column":15},"end":{"line":130,"column":22}},"45":{"start":{"line":132,"column":80},"end":{"line":132,"column":89}},"46":{"start":{"line":135,"column":21},"end":{"line":135,"column":47}},"47":{"start":{"line":136,"column":4},"end":{"line":138,"column":5}},"48":{"start":{"line":137,"column":6},"end":{"line":137,"column":39}},"49":{"start":{"line":141,"column":26},"end":{"line":141,"column":97}},"50":{"start":{"line":141,"column":65},"end":{"line":141,"column":94}},"51":{"start":{"line":142,"column":4},"end":{"line":144,"column":5}},"52":{"start":{"line":143,"column":6},"end":{"line":143,"column":69}},"53":{"start":{"line":146,"column":25},"end":{"line":146,"column":56}},"54":{"start":{"line":149,"column":23},"end":{"line":149,"column":88}},"55":{"start":{"line":150,"column":4},"end":{"line":152,"column":5}},"56":{"start":{"line":151,"column":6},"end":{"line":151,"column":46}},"57":{"start":{"line":153,"column":4},"end":{"line":155,"column":5}},"58":{"start":{"line":154,"column":6},"end":{"line":154,"column":56}},"59":{"start":{"line":158,"column":26},"end":{"line":158,"column":30}},"60":{"start":{"line":159,"column":4},"end":{"line":167,"column":5}},"61":{"start":{"line":160,"column":6},"end":{"line":163,"column":9}},"62":{"start":{"line":164,"column":6},"end":{"line":166,"column":7}},"63":{"start":{"line":165,"column":8},"end":{"line":165,"column":54}},"64":{"start":{"line":170,"column":27},"end":{"line":170,"column":47}},"65":{"start":{"line":171,"column":22},"end":{"line":171,"column":55}},"66":{"start":{"line":172,"column":31},"end":{"line":172,"column":67}},"67":{"start":{"line":173,"column":31},"end":{"line":173,"column":78}},"68":{"start":{"line":176,"column":21},"end":{"line":202,"column":5}},"69":{"start":{"line":186,"column":41},"end":{"line":191,"column":7}},"70":{"start":{"line":204,"column":19},"end":{"line":204,"column":68}},"71":{"start":{"line":205,"column":4},"end":{"line":205,"column":37}},"72":{"start":{"line":208,"column":4},"end":{"line":208,"column":33}},"73":{"start":{"line":210,"column":4},"end":{"line":210,"column":20}},"74":{"start":{"line":214,"column":15},"end":{"line":214,"column":22}},"75":{"start":{"line":216,"column":18},"end":{"line":219,"column":6}},"76":{"start":{"line":221,"column":4},"end":{"line":223,"column":5}},"77":{"start":{"line":222,"column":6},"end":{"line":222,"column":41}},"78":{"start":{"line":225,"column":4},"end":{"line":227,"column":5}},"79":{"start":{"line":226,"column":6},"end":{"line":226,"column":51}},"80":{"start":{"line":230,"column":50},"end":{"line":230,"column":64}},"81":{"start":{"line":232,"column":24},"end":{"line":237,"column":5}},"82":{"start":{"line":240,"column":4},"end":{"line":243,"column":5}},"83":{"start":{"line":241,"column":6},"end":{"line":241,"column":36}},"84":{"start":{"line":242,"column":6},"end":{"line":242,"column":50}},"85":{"start":{"line":245,"column":4},"end":{"line":248,"column":5}},"86":{"start":{"line":246,"column":6},"end":{"line":246,"column":36}},"87":{"start":{"line":247,"column":6},"end":{"line":247,"column":45}},"88":{"start":{"line":251,"column":4},"end":{"line":283,"column":5}},"89":{"start":{"line":252,"column":6},"end":{"line":262,"column":8}},"90":{"start":{"line":264,"column":6},"end":{"line":269,"column":8}},"91":{"start":{"line":271,"column":6},"end":{"line":280,"column":8}},"92":{"start":{"line":282,"column":6},"end":{"line":282,"column":63}},"93":{"start":{"line":287,"column":15},"end":{"line":287,"column":22}},"94":{"start":{"line":289,"column":18},"end":{"line":292,"column":6}},"95":{"start":{"line":294,"column":4},"end":{"line":296,"column":5}},"96":{"start":{"line":295,"column":6},"end":{"line":295,"column":41}},"97":{"start":{"line":298,"column":4},"end":{"line":298,"column":17}},"98":{"start":{"line":302,"column":15},"end":{"line":302,"column":22}},"99":{"start":{"line":304,"column":18},"end":{"line":304,"column":51}},"100":{"start":{"line":306,"column":4},"end":{"line":308,"column":5}},"101":{"start":{"line":307,"column":6},"end":{"line":307,"column":36}},"102":{"start":{"line":310,"column":19},"end":{"line":313,"column":16}},"103":{"start":{"line":315,"column":4},"end":{"line":315,"column":18}},"104":{"start":{"line":319,"column":15},"end":{"line":319,"column":22}},"105":{"start":{"line":321,"column":18},"end":{"line":324,"column":6}},"106":{"start":{"line":326,"column":4},"end":{"line":328,"column":5}},"107":{"start":{"line":327,"column":6},"end":{"line":327,"column":41}},"108":{"start":{"line":330,"column":4},"end":{"line":332,"column":5}},"109":{"start":{"line":331,"column":6},"end":{"line":331,"column":74}},"110":{"start":{"line":334,"column":4},"end":{"line":336,"column":5}},"111":{"start":{"line":335,"column":6},"end":{"line":335,"column":70}},"112":{"start":{"line":338,"column":19},"end":{"line":348,"column":5}},"113":{"start":{"line":350,"column":4},"end":{"line":350,"column":24}},"114":{"start":{"line":354,"column":15},"end":{"line":354,"column":22}},"115":{"start":{"line":356,"column":18},"end":{"line":356,"column":87}},"116":{"start":{"line":357,"column":4},"end":{"line":359,"column":5}},"117":{"start":{"line":358,"column":6},"end":{"line":358,"column":41}},"118":{"start":{"line":362,"column":4},"end":{"line":370,"column":5}},"119":{"start":{"line":363,"column":25},"end":{"line":366,"column":8}},"120":{"start":{"line":367,"column":6},"end":{"line":369,"column":7}},"121":{"start":{"line":368,"column":8},"end":{"line":368,"column":61}},"122":{"start":{"line":372,"column":29},"end":{"line":377,"column":5}},"123":{"start":{"line":379,"column":4},"end":{"line":381,"column":5}},"124":{"start":{"line":380,"column":6},"end":{"line":380,"column":85}},"125":{"start":{"line":383,"column":23},"end":{"line":386,"column":5}},"126":{"start":{"line":388,"column":4},"end":{"line":390,"column":5}},"127":{"start":{"line":389,"column":6},"end":{"line":389,"column":43}},"128":{"start":{"line":392,"column":19},"end":{"line":396,"column":5}},"129":{"start":{"line":398,"column":4},"end":{"line":398,"column":24}},"130":{"start":{"line":402,"column":15},"end":{"line":402,"column":22}},"131":{"start":{"line":405,"column":23},"end":{"line":408,"column":6}},"132":{"start":{"line":410,"column":4},"end":{"line":412,"column":5}},"133":{"start":{"line":411,"column":6},"end":{"line":411,"column":62}},"134":{"start":{"line":414,"column":18},"end":{"line":414,"column":63}},"135":{"start":{"line":416,"column":4},"end":{"line":418,"column":5}},"136":{"start":{"line":417,"column":6},"end":{"line":417,"column":36}},"137":{"start":{"line":420,"column":19},"end":{"line":423,"column":16}},"138":{"start":{"line":425,"column":4},"end":{"line":425,"column":18}},"139":{"start":{"line":429,"column":0},"end":{"line":429,"column":36}}},"fnMap":{"0":{"name":"(anonymous_0)","decl":{"start":{"line":7,"column":2},"end":{"line":7,"column":3}},"loc":{"start":{"line":7,"column":47},"end":{"line":65,"column":3}},"line":7},"1":{"name":"(anonymous_1)","decl":{"start":{"line":67,"column":2},"end":{"line":67,"column":3}},"loc":{"start":{"line":67,"column":24},"end":{"line":86,"column":3}},"line":67},"2":{"name":"(anonymous_2)","decl":{"start":{"line":79,"column":37},"end":{"line":79,"column":38}},"loc":{"start":{"line":79,"column":52},"end":{"line":79,"column":87}},"line":79},"3":{"name":"(anonymous_3)","decl":{"start":{"line":88,"column":2},"end":{"line":88,"column":3}},"loc":{"start":{"line":88,"column":47},"end":{"line":111,"column":3}},"line":88},"4":{"name":"(anonymous_4)","decl":{"start":{"line":113,"column":2},"end":{"line":113,"column":3}},"loc":{"start":{"line":113,"column":26},"end":{"line":125,"column":3}},"line":113},"5":{"name":"(anonymous_5)","decl":{"start":{"line":129,"column":2},"end":{"line":129,"column":3}},"loc":{"start":{"line":129,"column":47},"end":{"line":211,"column":3}},"line":129},"6":{"name":"(anonymous_6)","decl":{"start":{"line":141,"column":57},"end":{"line":141,"column":58}},"loc":{"start":{"line":141,"column":65},"end":{"line":141,"column":94}},"line":141},"7":{"name":"(anonymous_7)","decl":{"start":{"line":186,"column":32},"end":{"line":186,"column":33}},"loc":{"start":{"line":186,"column":41},"end":{"line":191,"column":7}},"line":186},"8":{"name":"(anonymous_8)","decl":{"start":{"line":213,"column":2},"end":{"line":213,"column":3}},"loc":{"start":{"line":213,"column":56},"end":{"line":284,"column":3}},"line":213},"9":{"name":"(anonymous_9)","decl":{"start":{"line":286,"column":2},"end":{"line":286,"column":3}},"loc":{"start":{"line":286,"column":38},"end":{"line":299,"column":3}},"line":286},"10":{"name":"(anonymous_10)","decl":{"start":{"line":301,"column":2},"end":{"line":301,"column":3}},"loc":{"start":{"line":301,"column":41},"end":{"line":316,"column":3}},"line":301},"11":{"name":"(anonymous_11)","decl":{"start":{"line":318,"column":2},"end":{"line":318,"column":3}},"loc":{"start":{"line":318,"column":37},"end":{"line":351,"column":3}},"line":318},"12":{"name":"(anonymous_12)","decl":{"start":{"line":353,"column":2},"end":{"line":353,"column":3}},"loc":{"start":{"line":353,"column":57},"end":{"line":399,"column":3}},"line":353},"13":{"name":"(anonymous_13)","decl":{"start":{"line":401,"column":2},"end":{"line":401,"column":3}},"loc":{"start":{"line":401,"column":65},"end":{"line":426,"column":3}},"line":401}},"branchMap":{"0":{"loc":{"start":{"line":12,"column":4},"end":{"line":14,"column":5}},"type":"if","locations":[{"start":{"line":12,"column":4},"end":{"line":14,"column":5}},{"start":{},"end":{}}],"line":12},"1":{"loc":{"start":{"line":16,"column":4},"end":{"line":18,"column":5}},"type":"if","locations":[{"start":{"line":16,"column":4},"end":{"line":18,"column":5}},{"start":{},"end":{}}],"line":16},"2":{"loc":{"start":{"line":23,"column":4},"end":{"line":31,"column":5}},"type":"if","locations":[{"start":{"line":23,"column":4},"end":{"line":31,"column":5}},{"start":{},"end":{}}],"line":23},"3":{"loc":{"start":{"line":39,"column":4},"end":{"line":56,"column":5}},"type":"if","locations":[{"start":{"line":39,"column":4},"end":{"line":56,"column":5}},{"start":{"line":45,"column":11},"end":{"line":56,"column":5}}],"line":39},"4":{"loc":{"start":{"line":71,"column":4},"end":{"line":73,"column":5}},"type":"if","locations":[{"start":{"line":71,"column":4},"end":{"line":73,"column":5}},{"start":{},"end":{}}],"line":71},"5":{"loc":{"start":{"line":92,"column":4},"end":{"line":94,"column":5}},"type":"if","locations":[{"start":{"line":92,"column":4},"end":{"line":94,"column":5}},{"start":{},"end":{}}],"line":92},"6":{"loc":{"start":{"line":101,"column":4},"end":{"line":103,"column":5}},"type":"if","locations":[{"start":{"line":101,"column":4},"end":{"line":103,"column":5}},{"start":{},"end":{}}],"line":101},"7":{"loc":{"start":{"line":117,"column":4},"end":{"line":119,"column":5}},"type":"if","locations":[{"start":{"line":117,"column":4},"end":{"line":119,"column":5}},{"start":{},"end":{}}],"line":117},"8":{"loc":{"start":{"line":132,"column":33},"end":{"line":132,"column":53}},"type":"default-arg","locations":[{"start":{"line":132,"column":48},"end":{"line":132,"column":53}}],"line":132},"9":{"loc":{"start":{"line":136,"column":4},"end":{"line":138,"column":5}},"type":"if","locations":[{"start":{"line":136,"column":4},"end":{"line":138,"column":5}},{"start":{},"end":{}}],"line":136},"10":{"loc":{"start":{"line":136,"column":8},"end":{"line":136,"column":54}},"type":"binary-expr","locations":[{"start":{"line":136,"column":8},"end":{"line":136,"column":23}},{"start":{"line":136,"column":27},"end":{"line":136,"column":54}}],"line":136},"11":{"loc":{"start":{"line":142,"column":4},"end":{"line":144,"column":5}},"type":"if","locations":[{"start":{"line":142,"column":4},"end":{"line":144,"column":5}},{"start":{},"end":{}}],"line":142},"12":{"loc":{"start":{"line":150,"column":4},"end":{"line":152,"column":5}},"type":"if","locations":[{"start":{"line":150,"column":4},"end":{"line":152,"column":5}},{"start":{},"end":{}}],"line":150},"13":{"loc":{"start":{"line":153,"column":4},"end":{"line":155,"column":5}},"type":"if","locations":[{"start":{"line":153,"column":4},"end":{"line":155,"column":5}},{"start":{},"end":{}}],"line":153},"14":{"loc":{"start":{"line":159,"column":4},"end":{"line":167,"column":5}},"type":"if","locations":[{"start":{"line":159,"column":4},"end":{"line":167,"column":5}},{"start":{},"end":{}}],"line":159},"15":{"loc":{"start":{"line":164,"column":6},"end":{"line":166,"column":7}},"type":"if","locations":[{"start":{"line":164,"column":6},"end":{"line":166,"column":7}},{"start":{},"end":{}}],"line":164},"16":{"loc":{"start":{"line":172,"column":31},"end":{"line":172,"column":67}},"type":"cond-expr","locations":[{"start":{"line":172,"column":56},"end":{"line":172,"column":60}},{"start":{"line":172,"column":63},"end":{"line":172,"column":67}}],"line":172},"17":{"loc":{"start":{"line":179,"column":24},"end":{"line":185,"column":14}},"type":"cond-expr","locations":[{"start":{"line":179,"column":42},"end":{"line":185,"column":7}},{"start":{"line":185,"column":10},"end":{"line":185,"column":14}}],"line":179},"18":{"loc":{"start":{"line":197,"column":22},"end":{"line":197,"column":74}},"type":"cond-expr","locations":[{"start":{"line":197,"column":47},"end":{"line":197,"column":56}},{"start":{"line":197,"column":59},"end":{"line":197,"column":74}}],"line":197},"19":{"loc":{"start":{"line":199,"column":28},"end":{"line":199,"column":56}},"type":"binary-expr","locations":[{"start":{"line":199,"column":28},"end":{"line":199,"column":48}},{"start":{"line":199,"column":52},"end":{"line":199,"column":56}}],"line":199},"20":{"loc":{"start":{"line":221,"column":4},"end":{"line":223,"column":5}},"type":"if","locations":[{"start":{"line":221,"column":4},"end":{"line":223,"column":5}},{"start":{},"end":{}}],"line":221},"21":{"loc":{"start":{"line":225,"column":4},"end":{"line":227,"column":5}},"type":"if","locations":[{"start":{"line":225,"column":4},"end":{"line":227,"column":5}},{"start":{},"end":{}}],"line":225},"22":{"loc":{"start":{"line":235,"column":20},"end":{"line":235,"column":54}},"type":"binary-expr","locations":[{"start":{"line":235,"column":20},"end":{"line":235,"column":32}},{"start":{"line":235,"column":36},"end":{"line":235,"column":54}}],"line":235},"23":{"loc":{"start":{"line":240,"column":4},"end":{"line":243,"column":5}},"type":"if","locations":[{"start":{"line":240,"column":4},"end":{"line":243,"column":5}},{"start":{},"end":{}}],"line":240},"24":{"loc":{"start":{"line":240,"column":8},"end":{"line":240,"column":76}},"type":"binary-expr","locations":[{"start":{"line":240,"column":8},"end":{"line":240,"column":31}},{"start":{"line":240,"column":36},"end":{"line":240,"column":48}},{"start":{"line":240,"column":52},"end":{"line":240,"column":75}}],"line":240},"25":{"loc":{"start":{"line":245,"column":4},"end":{"line":248,"column":5}},"type":"if","locations":[{"start":{"line":245,"column":4},"end":{"line":248,"column":5}},{"start":{},"end":{}}],"line":245},"26":{"loc":{"start":{"line":245,"column":8},"end":{"line":245,"column":68}},"type":"binary-expr","locations":[{"start":{"line":245,"column":8},"end":{"line":245,"column":30}},{"start":{"line":245,"column":35},"end":{"line":245,"column":42}},{"start":{"line":245,"column":46},"end":{"line":245,"column":67}}],"line":245},"27":{"loc":{"start":{"line":251,"column":4},"end":{"line":283,"column":5}},"type":"if","locations":[{"start":{"line":251,"column":4},"end":{"line":283,"column":5}},{"start":{"line":270,"column":11},"end":{"line":283,"column":5}}],"line":251},"28":{"loc":{"start":{"line":282,"column":22},"end":{"line":282,"column":61}},"type":"binary-expr","locations":[{"start":{"line":282,"column":22},"end":{"line":282,"column":41}},{"start":{"line":282,"column":45},"end":{"line":282,"column":61}}],"line":282},"29":{"loc":{"start":{"line":294,"column":4},"end":{"line":296,"column":5}},"type":"if","locations":[{"start":{"line":294,"column":4},"end":{"line":296,"column":5}},{"start":{},"end":{}}],"line":294},"30":{"loc":{"start":{"line":301,"column":27},"end":{"line":301,"column":39}},"type":"default-arg","locations":[{"start":{"line":301,"column":37},"end":{"line":301,"column":39}}],"line":301},"31":{"loc":{"start":{"line":306,"column":4},"end":{"line":308,"column":5}},"type":"if","locations":[{"start":{"line":306,"column":4},"end":{"line":308,"column":5}},{"start":{},"end":{}}],"line":306},"32":{"loc":{"start":{"line":326,"column":4},"end":{"line":328,"column":5}},"type":"if","locations":[{"start":{"line":326,"column":4},"end":{"line":328,"column":5}},{"start":{},"end":{}}],"line":326},"33":{"loc":{"start":{"line":330,"column":4},"end":{"line":332,"column":5}},"type":"if","locations":[{"start":{"line":330,"column":4},"end":{"line":332,"column":5}},{"start":{},"end":{}}],"line":330},"34":{"loc":{"start":{"line":334,"column":4},"end":{"line":336,"column":5}},"type":"if","locations":[{"start":{"line":334,"column":4},"end":{"line":336,"column":5}},{"start":{},"end":{}}],"line":334},"35":{"loc":{"start":{"line":357,"column":4},"end":{"line":359,"column":5}},"type":"if","locations":[{"start":{"line":357,"column":4},"end":{"line":359,"column":5}},{"start":{},"end":{}}],"line":357},"36":{"loc":{"start":{"line":362,"column":4},"end":{"line":370,"column":5}},"type":"if","locations":[{"start":{"line":362,"column":4},"end":{"line":370,"column":5}},{"start":{},"end":{}}],"line":362},"37":{"loc":{"start":{"line":367,"column":6},"end":{"line":369,"column":7}},"type":"if","locations":[{"start":{"line":367,"column":6},"end":{"line":369,"column":7}},{"start":{},"end":{}}],"line":367},"38":{"loc":{"start":{"line":379,"column":4},"end":{"line":381,"column":5}},"type":"if","locations":[{"start":{"line":379,"column":4},"end":{"line":381,"column":5}},{"start":{},"end":{}}],"line":379},"39":{"loc":{"start":{"line":379,"column":8},"end":{"line":379,"column":91}},"type":"binary-expr","locations":[{"start":{"line":379,"column":8},"end":{"line":379,"column":39}},{"start":{"line":379,"column":43},"end":{"line":379,"column":91}}],"line":379},"40":{"loc":{"start":{"line":388,"column":4},"end":{"line":390,"column":5}},"type":"if","locations":[{"start":{"line":388,"column":4},"end":{"line":390,"column":5}},{"start":{},"end":{}}],"line":388},"41":{"loc":{"start":{"line":401,"column":51},"end":{"line":401,"column":63}},"type":"default-arg","locations":[{"start":{"line":401,"column":61},"end":{"line":401,"column":63}}],"line":401},"42":{"loc":{"start":{"line":410,"column":4},"end":{"line":412,"column":5}},"type":"if","locations":[{"start":{"line":410,"column":4},"end":{"line":412,"column":5}},{"start":{},"end":{}}],"line":410},"43":{"loc":{"start":{"line":416,"column":4},"end":{"line":418,"column":5}},"type":"if","locations":[{"start":{"line":416,"column":4},"end":{"line":418,"column":5}},{"start":{},"end":{}}],"line":416}},"s":{"0":1,"1":1,"2":3,"3":3,"4":3,"5":1,"6":2,"7":1,"8":1,"9":1,"10":1,"11":1,"12":1,"13":1,"14":1,"15":0,"16":1,"17":1,"18":1,"19":1,"20":2,"21":2,"22":2,"23":0,"24":2,"25":2,"26":1,"27":2,"28":3,"29":3,"30":3,"31":1,"32":2,"33":2,"34":1,"35":1,"36":1,"37":0,"38":0,"39":0,"40":0,"41":0,"42":0,"43":0,"44":0,"45":0,"46":0,"47":0,"48":0,"49":0,"50":0,"51":0,"52":0,"53":0,"54":0,"55":0,"56":0,"57":0,"58":0,"59":0,"60":0,"61":0,"62":0,"63":0,"64":0,"65":0,"66":0,"67":0,"68":0,"69":0,"70":0,"71":0,"72":0,"73":0,"74":5,"75":5,"76":5,"77":1,"78":4,"79":1,"80":3,"81":3,"82":3,"83":1,"84":1,"85":3,"86":1,"87":1,"88":3,"89":1,"90":1,"91":2,"92":2,"93":2,"94":2,"95":2,"96":1,"97":1,"98":0,"99":0,"100":0,"101":0,"102":0,"103":0,"104":4,"105":4,"106":4,"107":1,"108":3,"109":1,"110":2,"111":1,"112":1,"113":1,"114":0,"115":0,"116":0,"117":0,"118":0,"119":0,"120":0,"121":0,"122":0,"123":0,"124":0,"125":0,"126":0,"127":0,"128":0,"129":0,"130":0,"131":0,"132":0,"133":0,"134":0,"135":0,"136":0,"137":0,"138":0,"139":1},"f":{"0":3,"1":2,"2":1,"3":3,"4":0,"5":0,"6":0,"7":0,"8":5,"9":2,"10":0,"11":4,"12":0,"13":0},"b":{"0":[1,2],"1":[1,1],"2":[1,0],"3":[0,1],"4":[0,2],"5":[1,2],"6":[1,1],"7":[0,0],"8":[0],"9":[0,0],"10":[0,0],"11":[0,0],"12":[0,0],"13":[0,0],"14":[0,0],"15":[0,0],"16":[0,0],"17":[0,0],"18":[0,0],"19":[0,0],"20":[1,4],"21":[1,3],"22":[3,0],"23":[1,2],"24":[3,1,1],"25":[1,2],"26":[3,2,2],"27":[1,2],"28":[2,0],"29":[1,1],"30":[0],"31":[0,0],"32":[1,3],"33":[1,2],"34":[1,1],"35":[0,0],"36":[0,0],"37":[0,0],"38":[0,0],"39":[0,0],"40":[0,0],"41":[0],"42":[0,0],"43":[0,0]},"_coverageSchema":"1a1c01bbd47fc00a2c39e90264f33305004495a9","hash":"09b4e5412085a3bc0f138b9c46d082bd5b5dbccb"}
,"/Users/chaitanyatandon/Desktop/SEM7/SEDP/Project/Implementation/SEDP/modules/user/user.service.js": {"path":"/Users/chaitanyatandon/Desktop/SEM7/SEDP/Project/Implementation/SEDP/modules/user/user.service.js","statementMap":{"0":{"start":{"line":1,"column":15},"end":{"line":1,"column":34}},"1":{"start":{"line":2,"column":21},"end":{"line":2,"column":39}},"2":{"start":{"line":3,"column":18},"end":{"line":3,"column":44}},"3":{"start":{"line":4,"column":26},"end":{"line":4,"column":52}},"4":{"start":{"line":8,"column":15},"end":{"line":8,"column":22}},"5":{"start":{"line":9,"column":64},"end":{"line":9,"column":72}},"6":{"start":{"line":11,"column":25},"end":{"line":11,"column":72}},"7":{"start":{"line":12,"column":4},"end":{"line":14,"column":5}},"8":{"start":{"line":13,"column":6},"end":{"line":13,"column":46}},"9":{"start":{"line":16,"column":25},"end":{"line":16,"column":56}},"10":{"start":{"line":18,"column":20},"end":{"line":26,"column":5}},"11":{"start":{"line":28,"column":19},"end":{"line":28,"column":66}},"12":{"start":{"line":29,"column":18},"end":{"line":29,"column":67}},"13":{"start":{"line":31,"column":4},"end":{"line":37,"column":6}},"14":{"start":{"line":41,"column":15},"end":{"line":41,"column":22}},"15":{"start":{"line":42,"column":17},"end":{"line":42,"column":64}},"16":{"start":{"line":44,"column":4},"end":{"line":46,"column":5}},"17":{"start":{"line":45,"column":6},"end":{"line":45,"column":45}},"18":{"start":{"line":48,"column":20},"end":{"line":48,"column":70}},"19":{"start":{"line":49,"column":4},"end":{"line":51,"column":5}},"20":{"start":{"line":50,"column":6},"end":{"line":50,"column":45}},"21":{"start":{"line":53,"column":18},"end":{"line":53,"column":63}},"22":{"start":{"line":55,"column":4},"end":{"line":61,"column":6}},"23":{"start":{"line":65,"column":15},"end":{"line":65,"column":22}},"24":{"start":{"line":66,"column":17},"end":{"line":66,"column":84}},"25":{"start":{"line":68,"column":4},"end":{"line":70,"column":5}},"26":{"start":{"line":69,"column":6},"end":{"line":69,"column":40}},"27":{"start":{"line":72,"column":4},"end":{"line":72,"column":30}},"28":{"start":{"line":73,"column":4},"end":{"line":73,"column":16}},"29":{"start":{"line":77,"column":15},"end":{"line":77,"column":22}},"30":{"start":{"line":78,"column":35},"end":{"line":78,"column":42}},"31":{"start":{"line":80,"column":23},"end":{"line":85,"column":5}},"32":{"start":{"line":87,"column":19},"end":{"line":91,"column":5}},"33":{"start":{"line":93,"column":4},"end":{"line":95,"column":5}},"34":{"start":{"line":94,"column":6},"end":{"line":94,"column":40}},"35":{"start":{"line":97,"column":4},"end":{"line":97,"column":38}},"36":{"start":{"line":98,"column":4},"end":{"line":98,"column":24}},"37":{"start":{"line":102,"column":15},"end":{"line":102,"column":22}},"38":{"start":{"line":105,"column":4},"end":{"line":105,"column":83}},"39":{"start":{"line":108,"column":19},"end":{"line":108,"column":88}},"40":{"start":{"line":110,"column":4},"end":{"line":112,"column":5}},"41":{"start":{"line":111,"column":6},"end":{"line":111,"column":40}},"42":{"start":{"line":114,"column":4},"end":{"line":114,"column":52}},"43":{"start":{"line":118,"column":15},"end":{"line":118,"column":22}},"44":{"start":{"line":119,"column":81},"end":{"line":119,"column":92}},"45":{"start":{"line":121,"column":4},"end":{"line":126,"column":5}},"46":{"start":{"line":122,"column":6},"end":{"line":125,"column":8}},"47":{"start":{"line":128,"column":23},"end":{"line":137,"column":5}},"48":{"start":{"line":139,"column":19},"end":{"line":139,"column":73}},"49":{"start":{"line":140,"column":4},"end":{"line":140,"column":59}},"50":{"start":{"line":144,"column":15},"end":{"line":144,"column":22}},"51":{"start":{"line":145,"column":22},"end":{"line":147,"column":16}},"52":{"start":{"line":149,"column":4},"end":{"line":149,"column":21}},"53":{"start":{"line":153,"column":15},"end":{"line":153,"column":22}},"54":{"start":{"line":156,"column":4},"end":{"line":159,"column":6}},"55":{"start":{"line":162,"column":19},"end":{"line":166,"column":5}},"56":{"start":{"line":168,"column":4},"end":{"line":170,"column":5}},"57":{"start":{"line":169,"column":6},"end":{"line":169,"column":43}},"58":{"start":{"line":172,"column":4},"end":{"line":172,"column":24}},"59":{"start":{"line":176,"column":15},"end":{"line":176,"column":22}},"60":{"start":{"line":178,"column":19},"end":{"line":181,"column":6}},"61":{"start":{"line":183,"column":4},"end":{"line":185,"column":5}},"62":{"start":{"line":184,"column":6},"end":{"line":184,"column":43}},"63":{"start":{"line":187,"column":4},"end":{"line":187,"column":55}},"64":{"start":{"line":191,"column":0},"end":{"line":191,"column":35}}},"fnMap":{"0":{"name":"(anonymous_0)","decl":{"start":{"line":7,"column":2},"end":{"line":7,"column":3}},"loc":{"start":{"line":7,"column":27},"end":{"line":38,"column":3}},"line":7},"1":{"name":"(anonymous_1)","decl":{"start":{"line":40,"column":2},"end":{"line":40,"column":3}},"loc":{"start":{"line":40,"column":31},"end":{"line":62,"column":3}},"line":40},"2":{"name":"(anonymous_2)","decl":{"start":{"line":64,"column":2},"end":{"line":64,"column":3}},"loc":{"start":{"line":64,"column":28},"end":{"line":74,"column":3}},"line":64},"3":{"name":"(anonymous_3)","decl":{"start":{"line":76,"column":2},"end":{"line":76,"column":3}},"loc":{"start":{"line":76,"column":36},"end":{"line":99,"column":3}},"line":76},"4":{"name":"(anonymous_4)","decl":{"start":{"line":101,"column":2},"end":{"line":101,"column":3}},"loc":{"start":{"line":101,"column":27},"end":{"line":115,"column":3}},"line":101},"5":{"name":"(anonymous_5)","decl":{"start":{"line":117,"column":2},"end":{"line":117,"column":3}},"loc":{"start":{"line":117,"column":40},"end":{"line":141,"column":3}},"line":117},"6":{"name":"(anonymous_6)","decl":{"start":{"line":143,"column":2},"end":{"line":143,"column":3}},"loc":{"start":{"line":143,"column":30},"end":{"line":150,"column":3}},"line":143},"7":{"name":"(anonymous_7)","decl":{"start":{"line":152,"column":2},"end":{"line":152,"column":3}},"loc":{"start":{"line":152,"column":45},"end":{"line":173,"column":3}},"line":152},"8":{"name":"(anonymous_8)","decl":{"start":{"line":175,"column":2},"end":{"line":175,"column":3}},"loc":{"start":{"line":175,"column":41},"end":{"line":188,"column":3}},"line":175}},"branchMap":{"0":{"loc":{"start":{"line":9,"column":42},"end":{"line":9,"column":59}},"type":"default-arg","locations":[{"start":{"line":9,"column":49},"end":{"line":9,"column":59}}],"line":9},"1":{"loc":{"start":{"line":12,"column":4},"end":{"line":14,"column":5}},"type":"if","locations":[{"start":{"line":12,"column":4},"end":{"line":14,"column":5}},{"start":{},"end":{}}],"line":12},"2":{"loc":{"start":{"line":44,"column":4},"end":{"line":46,"column":5}},"type":"if","locations":[{"start":{"line":44,"column":4},"end":{"line":46,"column":5}},{"start":{},"end":{}}],"line":44},"3":{"loc":{"start":{"line":49,"column":4},"end":{"line":51,"column":5}},"type":"if","locations":[{"start":{"line":49,"column":4},"end":{"line":51,"column":5}},{"start":{},"end":{}}],"line":49},"4":{"loc":{"start":{"line":68,"column":4},"end":{"line":70,"column":5}},"type":"if","locations":[{"start":{"line":68,"column":4},"end":{"line":70,"column":5}},{"start":{},"end":{}}],"line":68},"5":{"loc":{"start":{"line":81,"column":10},"end":{"line":81,"column":28}},"type":"binary-expr","locations":[{"start":{"line":81,"column":10},"end":{"line":81,"column":15}},{"start":{"line":81,"column":19},"end":{"line":81,"column":28}}],"line":81},"6":{"loc":{"start":{"line":82,"column":10},"end":{"line":82,"column":28}},"type":"binary-expr","locations":[{"start":{"line":82,"column":10},"end":{"line":82,"column":15}},{"start":{"line":82,"column":19},"end":{"line":82,"column":28}}],"line":82},"7":{"loc":{"start":{"line":83,"column":10},"end":{"line":83,"column":26}},"type":"binary-expr","locations":[{"start":{"line":83,"column":10},"end":{"line":83,"column":14}},{"start":{"line":83,"column":18},"end":{"line":83,"column":26}}],"line":83},"8":{"loc":{"start":{"line":93,"column":4},"end":{"line":95,"column":5}},"type":"if","locations":[{"start":{"line":93,"column":4},"end":{"line":95,"column":5}},{"start":{},"end":{}}],"line":93},"9":{"loc":{"start":{"line":110,"column":4},"end":{"line":112,"column":5}},"type":"if","locations":[{"start":{"line":110,"column":4},"end":{"line":112,"column":5}},{"start":{},"end":{}}],"line":110},"10":{"loc":{"start":{"line":119,"column":58},"end":{"line":119,"column":76}},"type":"default-arg","locations":[{"start":{"line":119,"column":71},"end":{"line":119,"column":76}}],"line":119},"11":{"loc":{"start":{"line":121,"column":4},"end":{"line":126,"column":5}},"type":"if","locations":[{"start":{"line":121,"column":4},"end":{"line":126,"column":5}},{"start":{},"end":{}}],"line":121},"12":{"loc":{"start":{"line":168,"column":4},"end":{"line":170,"column":5}},"type":"if","locations":[{"start":{"line":168,"column":4},"end":{"line":170,"column":5}},{"start":{},"end":{}}],"line":168},"13":{"loc":{"start":{"line":183,"column":4},"end":{"line":185,"column":5}},"type":"if","locations":[{"start":{"line":183,"column":4},"end":{"line":185,"column":5}},{"start":{},"end":{}}],"line":183}},"s":{"0":1,"1":1,"2":1,"3":1,"4":2,"5":2,"6":2,"7":2,"8":1,"9":1,"10":1,"11":1,"12":1,"13":1,"14":3,"15":3,"16":3,"17":1,"18":2,"19":2,"20":1,"21":1,"22":1,"23":2,"24":2,"25":2,"26":1,"27":1,"28":1,"29":0,"30":0,"31":0,"32":0,"33":0,"34":0,"35":0,"36":0,"37":2,"38":2,"39":2,"40":2,"41":1,"42":1,"43":2,"44":2,"45":2,"46":1,"47":2,"48":2,"49":2,"50":0,"51":0,"52":0,"53":0,"54":0,"55":0,"56":0,"57":0,"58":0,"59":0,"60":0,"61":0,"62":0,"63":0,"64":1},"f":{"0":2,"1":3,"2":2,"3":0,"4":2,"5":2,"6":0,"7":0,"8":0},"b":{"0":[1],"1":[1,1],"2":[1,2],"3":[1,1],"4":[1,1],"5":[0,0],"6":[0,0],"7":[0,0],"8":[0,0],"9":[1,1],"10":[0],"11":[1,1],"12":[0,0],"13":[0,0]},"_coverageSchema":"1a1c01bbd47fc00a2c39e90264f33305004495a9","hash":"a7aa72239ee374b9d513b437d1c63310693e3c45"}
}
