TN:
SF:modules/order/order.service.js
FN:7,(anonymous_0)
FN:67,(anonymous_1)
FN:79,(anonymous_2)
FN:88,(anonymous_3)
FN:113,(anonymous_4)
FN:129,(anonymous_5)
FN:141,(anonymous_6)
FN:186,(anonymous_7)
FN:213,(anonymous_8)
FN:286,(anonymous_9)
FN:301,(anonymous_10)
FN:318,(anonymous_11)
FN:353,(anonymous_12)
FN:401,(anonymous_13)
FNF:14
FNH:7
FNDA:3,(anonymous_0)
FNDA:2,(anonymous_1)
FNDA:1,(anonymous_2)
FNDA:3,(anonymous_3)
FNDA:0,(anonymous_4)
FNDA:0,(anonymous_5)
FNDA:0,(anonymous_6)
FNDA:0,(anonymous_7)
FNDA:5,(anonymous_8)
FNDA:2,(anonymous_9)
FNDA:0,(anonymous_10)
FNDA:4,(anonymous_11)
FNDA:0,(anonymous_12)
FNDA:0,(anonymous_13)
DA:1,1
DA:2,1
DA:8,3
DA:11,3
DA:12,3
DA:13,1
DA:16,2
DA:17,1
DA:21,1
DA:23,1
DA:24,1
DA:29,1
DA:30,1
DA:34,1
DA:39,1
DA:41,0
DA:47,1
DA:55,1
DA:59,1
DA:64,1
DA:68,2
DA:70,2
DA:71,2
DA:72,0
DA:75,2
DA:79,2
DA:81,2
DA:89,3
DA:91,3
DA:92,3
DA:93,1
DA:96,2
DA:101,2
DA:102,1
DA:105,1
DA:110,1
DA:114,0
DA:116,0
DA:117,0
DA:118,0
DA:121,0
DA:122,0
DA:124,0
DA:130,0
DA:132,0
DA:135,0
DA:136,0
DA:137,0
DA:141,0
DA:142,0
DA:143,0
DA:146,0
DA:149,0
DA:150,0
DA:151,0
DA:153,0
DA:154,0
DA:158,0
DA:159,0
DA:160,0
DA:164,0
DA:165,0
DA:170,0
DA:171,0
DA:172,0
DA:173,0
DA:176,0
DA:186,0
DA:204,0
DA:205,0
DA:208,0
DA:210,0
DA:214,5
DA:216,5
DA:221,5
DA:222,1
DA:225,4
DA:226,1
DA:230,3
DA:232,3
DA:240,3
DA:241,1
DA:242,1
DA:245,3
DA:246,1
DA:247,1
DA:251,3
DA:252,1
DA:264,1
DA:271,2
DA:282,2
DA:287,2
DA:289,2
DA:294,2
DA:295,1
DA:298,1
DA:302,0
DA:304,0
DA:306,0
DA:307,0
DA:310,0
DA:315,0
DA:319,4
DA:321,4
DA:326,4
DA:327,1
DA:330,3
DA:331,1
DA:334,2
DA:335,1
DA:338,1
DA:350,1
DA:354,0
DA:356,0
DA:357,0
DA:358,0
DA:362,0
DA:363,0
DA:367,0
DA:368,0
DA:372,0
DA:379,0
DA:380,0
DA:383,0
DA:388,0
DA:389,0
DA:392,0
DA:398,0
DA:402,0
DA:405,0
DA:410,0
DA:411,0
DA:414,0
DA:416,0
DA:417,0
DA:420,0
DA:425,0
DA:429,1
LF:138
LH:69
BRDA:12,0,0,1
BRDA:12,0,1,2
BRDA:16,1,0,1
BRDA:16,1,1,1
BRDA:23,2,0,1
BRDA:23,2,1,0
BRDA:39,3,0,0
BRDA:39,3,1,1
BRDA:71,4,0,0
BRDA:71,4,1,2
BRDA:92,5,0,1
BRDA:92,5,1,2
BRDA:101,6,0,1
BRDA:101,6,1,1
BRDA:117,7,0,0
BRDA:117,7,1,0
BRDA:132,8,0,0
BRDA:136,9,0,0
BRDA:136,9,1,0
BRDA:136,10,0,0
BRDA:136,10,1,0
BRDA:142,11,0,0
BRDA:142,11,1,0
BRDA:150,12,0,0
BRDA:150,12,1,0
BRDA:153,13,0,0
BRDA:153,13,1,0
BRDA:159,14,0,0
BRDA:159,14,1,0
BRDA:164,15,0,0
BRDA:164,15,1,0
BRDA:172,16,0,0
BRDA:172,16,1,0
BRDA:179,17,0,0
BRDA:179,17,1,0
BRDA:197,18,0,0
BRDA:197,18,1,0
BRDA:199,19,0,0
BRDA:199,19,1,0
BRDA:221,20,0,1
BRDA:221,20,1,4
BRDA:225,21,0,1
BRDA:225,21,1,3
BRDA:235,22,0,3
BRDA:235,22,1,0
BRDA:240,23,0,1
BRDA:240,23,1,2
BRDA:240,24,0,3
BRDA:240,24,1,1
BRDA:240,24,2,1
BRDA:245,25,0,1
BRDA:245,25,1,2
BRDA:245,26,0,3
BRDA:245,26,1,2
BRDA:245,26,2,2
BRDA:251,27,0,1
BRDA:251,27,1,2
BRDA:282,28,0,2
BRDA:282,28,1,0
BRDA:294,29,0,1
BRDA:294,29,1,1
BRDA:301,30,0,0
BRDA:306,31,0,0
BRDA:306,31,1,0
BRDA:326,32,0,1
BRDA:326,32,1,3
BRDA:330,33,0,1
BRDA:330,33,1,2
BRDA:334,34,0,1
BRDA:334,34,1,1
BRDA:357,35,0,0
BRDA:357,35,1,0
BRDA:362,36,0,0
BRDA:362,36,1,0
BRDA:367,37,0,0
BRDA:367,37,1,0
BRDA:379,38,0,0
BRDA:379,38,1,0
BRDA:379,39,0,0
BRDA:379,39,1,0
BRDA:388,40,0,0
BRDA:388,40,1,0
BRDA:401,41,0,0
BRDA:410,42,0,0
BRDA:410,42,1,0
BRDA:416,43,0,0
BRDA:416,43,1,0
BRF:87
BRH:37
end_of_record
TN:
SF:modules/user/user.service.js
FN:7,(anonymous_0)
FN:40,(anonymous_1)
FN:64,(anonymous_2)
FN:76,(anonymous_3)
FN:101,(anonymous_4)
FN:117,(anonymous_5)
FN:143,(anonymous_6)
FN:152,(anonymous_7)
FN:175,(anonymous_8)
FNF:9
FNH:5
FNDA:2,(anonymous_0)
FNDA:3,(anonymous_1)
FNDA:2,(anonymous_2)
FNDA:0,(anonymous_3)
FNDA:2,(anonymous_4)
FNDA:2,(anonymous_5)
FNDA:0,(anonymous_6)
FNDA:0,(anonymous_7)
FNDA:0,(anonymous_8)
DA:1,1
DA:2,1
DA:3,1
DA:4,1
DA:8,2
DA:9,2
DA:11,2
DA:12,2
DA:13,1
DA:16,1
DA:18,1
DA:28,1
DA:29,1
DA:31,1
DA:41,3
DA:42,3
DA:44,3
DA:45,1
DA:48,2
DA:49,2
DA:50,1
DA:53,1
DA:55,1
DA:65,2
DA:66,2
DA:68,2
DA:69,1
DA:72,1
DA:73,1
DA:77,0
DA:78,0
DA:80,0
DA:87,0
DA:93,0
DA:94,0
DA:97,0
DA:98,0
DA:102,2
DA:105,2
DA:108,2
DA:110,2
DA:111,1
DA:114,1
DA:118,2
DA:119,2
DA:121,2
DA:122,1
DA:128,2
DA:139,2
DA:140,2
DA:144,0
DA:145,0
DA:149,0
DA:153,0
DA:156,0
DA:162,0
DA:168,0
DA:169,0
DA:172,0
DA:176,0
DA:178,0
DA:183,0
DA:184,0
DA:187,0
DA:191,1
LF:65
LH:43
BRDA:9,0,0,1
BRDA:12,1,0,1
BRDA:12,1,1,1
BRDA:44,2,0,1
BRDA:44,2,1,2
BRDA:49,3,0,1
BRDA:49,3,1,1
BRDA:68,4,0,1
BRDA:68,4,1,1
BRDA:81,5,0,0
BRDA:81,5,1,0
BRDA:82,6,0,0
BRDA:82,6,1,0
BRDA:83,7,0,0
BRDA:83,7,1,0
BRDA:93,8,0,0
BRDA:93,8,1,0
BRDA:110,9,0,1
BRDA:110,9,1,1
BRDA:119,10,0,0
BRDA:121,11,0,1
BRDA:121,11,1,1
BRDA:168,12,0,0
BRDA:168,12,1,0
BRDA:183,13,0,0
BRDA:183,13,1,0
BRF:26
BRH:13
end_of_record
